[    0.000000] Linux version 4.15.0-132-generic (buildd@lgw01-amd64-036) (gcc version 7.5.0 (Ubuntu 7.5.0-3ubuntu1~18.04)) #136-Ubuntu SMP Tue Jan 12 14:58:42 UTC 2021 (Ubuntu 4.15.0-132.136-generic 4.15.18)
[    0.000000] Command line: BOOT_IMAGE=/boot/vmlinuz-4.15.0-132-generic root=LABEL=cloudimg-rootfs ro console=tty1 console=ttyS0
[    0.000000] KERNEL supported cpus:
[    0.000000]   Intel GenuineIntel
[    0.000000]   AMD AuthenticAMD
[    0.000000]   Centaur CentaurHauls
[    0.000000] x86/fpu: Supporting XSAVE feature 0x001: 'x87 floating point registers'
[    0.000000] x86/fpu: Supporting XSAVE feature 0x002: 'SSE registers'
[    0.000000] x86/fpu: Supporting XSAVE feature 0x004: 'AVX registers'
[    0.000000] x86/fpu: xstate_offset[2]:  576, xstate_sizes[2]:  256
[    0.000000] x86/fpu: Enabled xstate features 0x7, context size is 832 bytes, using 'standard' format.
[    0.000000] e820: BIOS-provided physical RAM map:
[    0.000000] BIOS-e820: [mem 0x0000000000000000-0x000000000009fbff] usable
[    0.000000] BIOS-e820: [mem 0x000000000009fc00-0x000000000009ffff] reserved
[    0.000000] BIOS-e820: [mem 0x00000000000f0000-0x00000000000fffff] reserved
[    0.000000] BIOS-e820: [mem 0x0000000000100000-0x000000003ffeffff] usable
[    0.000000] BIOS-e820: [mem 0x000000003fff0000-0x000000003fffffff] ACPI data
[    0.000000] BIOS-e820: [mem 0x00000000fec00000-0x00000000fec00fff] reserved
[    0.000000] BIOS-e820: [mem 0x00000000fee00000-0x00000000fee00fff] reserved
[    0.000000] BIOS-e820: [mem 0x00000000fffc0000-0x00000000ffffffff] reserved
[    0.000000] NX (Execute Disable) protection: active
[    0.000000] SMBIOS 2.5 present.
[    0.000000] DMI: innotek GmbH VirtualBox/VirtualBox, BIOS VirtualBox 12/01/2006
[    0.000000] Hypervisor detected: KVM
[    0.000000] e820: last_pfn = 0x3fff0 max_arch_pfn = 0x400000000
[    0.000000] MTRR: Disabled
[    0.000000] x86/PAT: MTRRs disabled, skipping PAT initialization too.
[    0.000000] CPU MTRRs all blank - virtualized system.
[    0.000000] x86/PAT: Configuration [0-7]: WB  WT  UC- UC  WB  WT  UC- UC  
[    0.000000] found SMP MP-table at [mem 0x0009fff0-0x0009ffff]
[    0.000000] Scanning 1 areas for low memory corruption
[    0.000000] RAMDISK: [mem 0x35a65000-0x36d29fff]
[    0.000000] ACPI: Early table checksum verification disabled
[    0.000000] ACPI: RSDP 0x00000000000E0000 000024 (v02 VBOX  )
[    0.000000] ACPI: XSDT 0x000000003FFF0030 00003C (v01 VBOX   VBOXXSDT 00000001 ASL  00000061)
[    0.000000] ACPI: FACP 0x000000003FFF00F0 0000F4 (v04 VBOX   VBOXFACP 00000001 ASL  00000061)
[    0.000000] ACPI: DSDT 0x000000003FFF0470 002325 (v02 VBOX   VBOXBIOS 00000002 INTL 20100528)
[    0.000000] ACPI: FACS 0x000000003FFF0200 000040
[    0.000000] ACPI: FACS 0x000000003FFF0200 000040
[    0.000000] ACPI: APIC 0x000000003FFF0240 00005C (v02 VBOX   VBOXAPIC 00000001 ASL  00000061)
[    0.000000] ACPI: SSDT 0x000000003FFF02A0 0001CC (v01 VBOX   VBOXCPUT 00000002 INTL 20100528)
[    0.000000] No NUMA configuration found
[    0.000000] Faking a node at [mem 0x0000000000000000-0x000000003ffeffff]
[    0.000000] NODE_DATA(0) allocated [mem 0x3ffc5000-0x3ffeffff]
[    0.000000] kvm-clock: cpu 0, msr 0:3ff44001, primary cpu clock
[    0.000000] kvm-clock: Using msrs 4b564d01 and 4b564d00
[    0.000000] kvm-clock: using sched offset of 4036026388 cycles
[    0.000000] clocksource: kvm-clock: mask: 0xffffffffffffffff max_cycles: 0x1cd42e4dffb, max_idle_ns: 881590591483 ns
[    0.000000] Zone ranges:
[    0.000000]   DMA      [mem 0x0000000000001000-0x0000000000ffffff]
[    0.000000]   DMA32    [mem 0x0000000001000000-0x000000003ffeffff]
[    0.000000]   Normal   empty
[    0.000000]   Device   empty
[    0.000000] Movable zone start for each node
[    0.000000] Early memory node ranges
[    0.000000]   node   0: [mem 0x0000000000001000-0x000000000009efff]
[    0.000000]   node   0: [mem 0x0000000000100000-0x000000003ffeffff]
[    0.000000] Reserved but unavailable: 98 pages
[    0.000000] Initmem setup node 0 [mem 0x0000000000001000-0x000000003ffeffff]
[    0.000000] ACPI: PM-Timer IO Port: 0x4008
[    0.000000] IOAPIC[0]: apic_id 2, version 32, address 0xfec00000, GSI 0-23
[    0.000000] ACPI: INT_SRC_OVR (bus 0 bus_irq 0 global_irq 2 dfl dfl)
[    0.000000] ACPI: INT_SRC_OVR (bus 0 bus_irq 9 global_irq 9 low level)
[    0.000000] Using ACPI (MADT) for SMP configuration information
[    0.000000] smpboot: Allowing 2 CPUs, 0 hotplug CPUs
[    0.000000] PM: Registered nosave memory: [mem 0x00000000-0x00000fff]
[    0.000000] PM: Registered nosave memory: [mem 0x0009f000-0x0009ffff]
[    0.000000] PM: Registered nosave memory: [mem 0x000a0000-0x000effff]
[    0.000000] PM: Registered nosave memory: [mem 0x000f0000-0x000fffff]
[    0.000000] e820: [mem 0x40000000-0xfebfffff] available for PCI devices
[    0.000000] Booting paravirtualized kernel on KVM
[    0.000000] clocksource: refined-jiffies: mask: 0xffffffff max_cycles: 0xffffffff, max_idle_ns: 7645519600211568 ns
[    0.000000] random: get_random_bytes called from start_kernel+0x99/0x500 with crng_init=0
[    0.000000] setup_percpu: NR_CPUS:8192 nr_cpumask_bits:2 nr_cpu_ids:2 nr_node_ids:1
[    0.000000] percpu: Embedded 45 pages/cpu s147456 r8192 d28672 u1048576
[    0.000000] PV qspinlock hash table entries: 256 (order: 0, 4096 bytes)
[    0.000000] Built 1 zonelists, mobility grouping on.  Total pages: 257913
[    0.000000] Policy zone: DMA32
[    0.000000] Kernel command line: BOOT_IMAGE=/boot/vmlinuz-4.15.0-132-generic root=LABEL=cloudimg-rootfs ro console=tty1 console=ttyS0
[    0.000000] Memory: 983024K/1048120K available (12300K kernel code, 2482K rwdata, 4276K rodata, 2440K init, 2724K bss, 65096K reserved, 0K cma-reserved)
[    0.000000] SLUB: HWalign=64, Order=0-3, MinObjects=0, CPUs=2, Nodes=1
[    0.000000] Kernel/User page tables isolation: enabled
[    0.000000] ftrace: allocating 39421 entries in 154 pages
[    0.004000] Hierarchical RCU implementation.
[    0.004000] 	RCU restricting CPUs from NR_CPUS=8192 to nr_cpu_ids=2.
[    0.004000] 	Tasks RCU enabled.
[    0.004000] RCU: Adjusting geometry for rcu_fanout_leaf=16, nr_cpu_ids=2
[    0.004000] NR_IRQS: 524544, nr_irqs: 440, preallocated irqs: 16
[    0.004000] Console: colour VGA+ 80x25
[    0.004000] console [tty1] enabled
[    0.004000] console [ttyS0] enabled
[    0.004000] ACPI: Core revision 20170831
[    0.004000] ACPI: 2 ACPI AML tables successfully acquired and loaded
[    0.004000] APIC: Switch to symmetric I/O mode setup
[    0.004000] x2apic enabled
[    0.004000] Switched APIC routing to physical x2apic.
[    0.005558] ..TIMER: vector=0x30 apic1=0 pin1=2 apic2=-1 pin2=-1
[    0.008003] tsc: Detected 1800.002 MHz processor
[    0.012013] Calibrating delay loop (skipped) preset value.. 3600.00 BogoMIPS (lpj=7200008)
[    0.013676] pid_max: default: 32768 minimum: 301
[    0.014666] Security Framework initialized
[    0.016003] Yama: becoming mindful.
[    0.016863] AppArmor: AppArmor initialized
[    0.020000] Dentry cache hash table entries: 131072 (order: 8, 1048576 bytes)
[    0.020074] Inode-cache hash table entries: 65536 (order: 7, 524288 bytes)
[    0.024021] Mount-cache hash table entries: 2048 (order: 2, 16384 bytes)
[    0.025394] Mountpoint-cache hash table entries: 2048 (order: 2, 16384 bytes)
[    0.028117] Last level iTLB entries: 4KB 64, 2MB 8, 4MB 8
[    0.029508] Last level dTLB entries: 4KB 64, 2MB 0, 4MB 0, 1GB 4
[    0.030731] Spectre V1 : Mitigation: usercopy/swapgs barriers and __user pointer sanitization
[    0.032000] Spectre V2 : Mitigation: Full generic retpoline
[    0.032002] Spectre V2 : Spectre v2 / SpectreRSB mitigation: Filling RSB on context switch
[    0.034195] Speculative Store Bypass: Vulnerable
[    0.036048] SRBDS: Unknown: Dependent on hypervisor status
[    0.037272] MDS: Mitigation: Clear CPU buffers
[    0.038668] Freeing SMP alternatives memory: 36K
[    0.150402] smpboot: CPU0: Intel(R) Core(TM) i5-8250U CPU @ 1.60GHz (family: 0x6, model: 0x8e, stepping: 0xa)
[    0.152000] Performance Events: unsupported p6 CPU model 142 no PMU driver, software events only.
[    0.152034] Hierarchical SRCU implementation.
[    0.154454] NMI watchdog: Perf event create on CPU 0 failed with -2
[    0.156004] NMI watchdog: Perf NMI watchdog permanently disabled
[    0.157303] smp: Bringing up secondary CPUs ...
[    0.158442] x86: Booting SMP configuration:
[    0.160002] .... node  #0, CPUs:      #1
[    0.004000] kvm-clock: cpu 1, msr 0:3ff44041, secondary cpu clock
[    0.164020] smp: Brought up 1 node, 2 CPUs
[    0.164914] smpboot: Max logical packages: 1
[    0.165990] smpboot: Total of 2 processors activated (7200.00 BogoMIPS)
[    0.168053] devtmpfs: initialized
[    0.168860] x86/mm: Memory block size: 128MB
[    0.170103] evm: security.selinux
[    0.170986] evm: security.SMACK64
[    0.172007] evm: security.SMACK64EXEC
[    0.173002] evm: security.SMACK64TRANSMUTE
[    0.174161] evm: security.SMACK64MMAP
[    0.175006] evm: security.apparmor
[    0.176006] evm: security.ima
[    0.176756] evm: security.capability
[    0.177724] clocksource: jiffies: mask: 0xffffffff max_cycles: 0xffffffff, max_idle_ns: 7645041785100000 ns
[    0.180012] futex hash table entries: 512 (order: 3, 32768 bytes)
[    0.184016] pinctrl core: initialized pinctrl subsystem
[    0.185475] RTC time:  6:34:53, date: 01/25/21
[    0.188267] NET: Registered protocol family 16
[    0.189331] audit: initializing netlink subsys (disabled)
[    0.190502] audit: type=2000 audit(1611556498.984:1): state=initialized audit_enabled=0 res=1
[    0.192014] cpuidle: using governor ladder
[    0.193039] cpuidle: using governor menu
[    0.193963] ACPI: bus type PCI registered
[    0.194904] acpiphp: ACPI Hot Plug PCI Controller Driver version: 0.5
[    0.196103] PCI: Using configuration type 1 for base access
[    0.200076] HugeTLB registered 2.00 MiB page size, pre-allocated 0 pages
[    0.201472] ACPI: Added _OSI(Module Device)
[    0.201472] ACPI: Added _OSI(Processor Device)
[    0.204009] ACPI: Added _OSI(3.0 _SCP Extensions)
[    0.205190] ACPI: Added _OSI(Processor Aggregator Device)
[    0.206574] ACPI: Added _OSI(Linux-Dell-Video)
[    0.208012] ACPI: Added _OSI(Linux-Lenovo-NV-HDMI-Audio)
[    0.209090] ACPI: Added _OSI(Linux-HPI-Hybrid-Graphics)
[    0.210669] ACPI: Executed 1 blocks of module-level executable AML code
[    0.217083] ACPI: Interpreter enabled
[    0.217945] ACPI: (supports S0 S5)
[    0.218741] ACPI: Using IOAPIC for interrupt routing
[    0.220311] PCI: Using host bridge windows from ACPI; if necessary, use "pci=nocrs" and report a bug
[    0.222632] ACPI: Enabled 2 GPEs in block 00 to 07
[    0.231322] ACPI: PCI Root Bridge [PCI0] (domain 0000 [bus 00-ff])
[    0.232010] acpi PNP0A03:00: _OSC: OS supports [ASPM ClockPM Segments MSI]
[    0.234289] acpi PNP0A03:00: _OSC: not requesting OS control; OS requires [ExtendedConfig ASPM ClockPM MSI]
[    0.236024] acpi PNP0A03:00: fail to add MMCONFIG information, can't access extended PCI configuration space under this bridge.
[    0.240513] PCI host bridge to bus 0000:00
[    0.241348] pci_bus 0000:00: root bus resource [io  0x0000-0x0cf7 window]
[    0.242614] pci_bus 0000:00: root bus resource [io  0x0d00-0xffff window]
[    0.244003] pci_bus 0000:00: root bus resource [mem 0x000a0000-0x000bffff window]
[    0.245976] pci_bus 0000:00: root bus resource [mem 0x40000000-0xfdffffff window]
[    0.248004] pci_bus 0000:00: root bus resource [bus 00-ff]
[    0.251434] pci 0000:00:01.1: legacy IDE quirk: reg 0x10: [io  0x01f0-0x01f7]
[    0.252005] pci 0000:00:01.1: legacy IDE quirk: reg 0x14: [io  0x03f6]
[    0.253712] pci 0000:00:01.1: legacy IDE quirk: reg 0x18: [io  0x0170-0x0177]
[    0.256009] pci 0000:00:01.1: legacy IDE quirk: reg 0x1c: [io  0x0376]
[    0.280601] pci 0000:00:07.0: quirk: [io  0x4000-0x403f] claimed by PIIX4 ACPI
[    0.282896] pci 0000:00:07.0: quirk: [io  0x4100-0x410f] claimed by PIIX4 SMB
[    0.293535] ACPI: PCI Interrupt Link [LNKA] (IRQs 5 9 10 *11)
[    0.295370] ACPI: PCI Interrupt Link [LNKB] (IRQs 5 9 *10 11)
[    0.296179] ACPI: PCI Interrupt Link [LNKC] (IRQs 5 *9 10 11)
[    0.297597] ACPI: PCI Interrupt Link [LNKD] (IRQs 5 9 10 *11)
[    0.300292] SCSI subsystem initialized
[    0.301359] pci 0000:00:02.0: vgaarb: setting as boot VGA device
[    0.301489] pci 0000:00:02.0: vgaarb: VGA device added: decodes=io+mem,owns=io+mem,locks=none
[    0.304043] pci 0000:00:02.0: vgaarb: bridge control possible
[    0.306085] vgaarb: loaded
[    0.308048] ACPI: bus type USB registered
[    0.308937] usbcore: registered new interface driver usbfs
[    0.310052] usbcore: registered new interface driver hub
[    0.311131] usbcore: registered new device driver usb
[    0.312080] EDAC MC: Ver: 3.0.0
[    0.312951] PCI: Using ACPI for IRQ routing
[    0.313338] NetLabel: Initializing
[    0.314119] NetLabel:  domain hash size = 128
[    0.316004] NetLabel:  protocols = UNLABELED CIPSOv4 CALIPSO
[    0.317177] NetLabel:  unlabeled traffic allowed by default
[    0.318336] clocksource: Switched to clocksource kvm-clock
[    0.335361] VFS: Disk quotas dquot_6.6.0
[    0.336313] VFS: Dquot-cache hash table entries: 512 (order 0, 4096 bytes)
[    0.337910] AppArmor: AppArmor Filesystem Enabled
[    0.338949] pnp: PnP ACPI init
[    0.340905] pnp: PnP ACPI: found 3 devices
[    0.351834] clocksource: acpi_pm: mask: 0xffffff max_cycles: 0xffffff, max_idle_ns: 2085701024 ns
[    0.354134] NET: Registered protocol family 2
[    0.355336] TCP established hash table entries: 8192 (order: 4, 65536 bytes)
[    0.357190] TCP bind hash table entries: 8192 (order: 5, 131072 bytes)
[    0.361142] TCP: Hash tables configured (established 8192 bind 8192)
[    0.363376] UDP hash table entries: 512 (order: 2, 16384 bytes)
[    0.364779] UDP-Lite hash table entries: 512 (order: 2, 16384 bytes)
[    0.366193] NET: Registered protocol family 1
[    0.367522] pci 0000:00:00.0: Limiting direct PCI/PCI transfers
[    0.369201] pci 0000:00:01.0: Activating ISA DMA hang workarounds
[    0.370746] pci 0000:00:02.0: Video device with shadowed ROM at [mem 0x000c0000-0x000dffff]
[    0.372832] Unpacking initramfs...
[    0.695622] Freeing initrd memory: 19220K
[    0.696837] clocksource: tsc: mask: 0xffffffffffffffff max_cycles: 0x19f22b76be8, max_idle_ns: 440795216487 ns
[    0.698976] platform rtc_cmos: registered platform RTC device (no PNP device found)
[    0.701523] Scanning for low memory corruption every 60 seconds
[    0.703987] Initialise system trusted keyrings
[    0.705143] Key type blacklist registered
[    0.706213] workingset: timestamp_bits=36 max_order=18 bucket_order=0
[    0.708653] zbud: loaded
[    0.710011] squashfs: version 4.0 (2009/01/31) Phillip Lougher
[    0.711714] fuse init (API version 7.26)
[    0.715511] Key type asymmetric registered
[    0.716723] Asymmetric key parser 'x509' registered
[    0.717900] Block layer SCSI generic (bsg) driver version 0.4 loaded (major 246)
[    0.719660] io scheduler noop registered
[    0.720678] io scheduler deadline registered
[    0.721708] io scheduler cfq registered (default)
[    0.723336] ACPI: AC Adapter [AC] (on-line)
[    0.724578] input: Power Button as /devices/LNXSYSTM:00/LNXPWRBN:00/input/input0
[    0.726412] ACPI: Power Button [PWRF]
[    0.727432] input: Sleep Button as /devices/LNXSYSTM:00/LNXSLPBN:00/input/input1
[    0.729292] ACPI: Sleep Button [SLPF]
[    0.731650] ACPI: Battery Slot [BAT0] (battery present)
[    0.733154] Serial: 8250/16550 driver, 32 ports, IRQ sharing enabled
[    0.756067] 00:02: ttyS0 at I/O 0x3f8 (irq = 4, base_baud = 115200) is a 16550A
[    0.762395] Linux agpgart interface v0.103
[    0.765368] loop: module loaded
[    0.766845] scsi host0: ata_piix
[    0.767787] scsi host1: ata_piix
[    0.768717] ata1: PATA max UDMA/33 cmd 0x1f0 ctl 0x3f6 bmdma 0xd000 irq 14
[    0.770962] ata2: PATA max UDMA/33 cmd 0x170 ctl 0x376 bmdma 0xd008 irq 15
[    0.772919] libphy: Fixed MDIO Bus: probed
[    0.773929] tun: Universal TUN/TAP device driver, 1.6
[    0.775207] PPP generic driver version 2.4.2
[    0.776424] ehci_hcd: USB 2.0 'Enhanced' Host Controller (EHCI) Driver
[    0.777829] ehci-pci: EHCI PCI platform driver
[    0.778943] ehci-platform: EHCI generic platform driver
[    0.780139] ohci_hcd: USB 1.1 'Open' Host Controller (OHCI) Driver
[    0.781468] ohci-pci: OHCI PCI platform driver
[    0.782620] ohci-platform: OHCI generic platform driver
[    0.783890] uhci_hcd: USB Universal Host Controller Interface driver
[    0.785472] i8042: PNP: PS/2 Controller [PNP0303:PS2K,PNP0f03:PS2M] at 0x60,0x64 irq 1,12
[    0.787744] serio: i8042 KBD port at 0x60,0x64 irq 1
[    0.788927] serio: i8042 AUX port at 0x60,0x64 irq 12
[    0.790502] mousedev: PS/2 mouse device common for all mice
[    0.792637] input: AT Translated Set 2 keyboard as /devices/platform/i8042/serio0/input/input2
[    0.794646] rtc_cmos rtc_cmos: rtc core: registered rtc_cmos as rtc0
[    0.796344] rtc_cmos rtc_cmos: alarms up to one day, 114 bytes nvram
[    0.797796] i2c /dev entries driver
[    0.798700] device-mapper: uevent: version 1.0.3
[    0.800526] device-mapper: ioctl: 4.37.0-ioctl (2017-09-20) initialised: dm-devel@redhat.com
[    0.802442] ledtrig-cpu: registered to indicate activity on CPUs
[    0.804267] NET: Registered protocol family 10
[    0.809577] Segment Routing with IPv6
[    0.810958] NET: Registered protocol family 17
[    0.812207] Key type dns_resolver registered
[    0.813539] mce: Using 0 MCE banks
[    0.814368] RAS: Correctable Errors collector initialized.
[    0.815554] sched_clock: Marking stable (813508083, 0)->(1019425526, -205917443)
[    0.818259] registered taskstats version 1
[    0.819213] Loading compiled-in X.509 certificates
[    0.822750] Loaded X.509 cert 'Build time autogenerated kernel key: a98b2ffd047997e948f693688a19fea0dd669537'
[    0.824904] zswap: loaded using pool lzo/zbud
[    0.829700] Key type big_key registered
[    0.830603] Key type trusted registered
[    0.833677] Key type encrypted registered
[    0.834843] AppArmor: AppArmor sha1 policy hashing enabled
[    0.836091] ima: No TPM chip found, activating TPM-bypass! (rc=-19)
[    0.837619] ima: Allocated hash algorithm: sha1
[    0.838691] evm: HMAC attrs: 0x1
[    0.840385]   Magic number: 5:511:570
[    0.841351] button LNXSLPBN:00: hash matches
[    0.842571] rtc_cmos rtc_cmos: setting system clock to 2021-01-25 06:34:54 UTC (1611556494)
[    0.844570] BIOS EDD facility v0.16 2004-Jun-25, 0 devices found
[    0.845959] EDD information not available.
[    1.173023] Freeing unused kernel image memory: 2440K
[    1.532412] Write protecting the kernel read-only data: 20480k
[    1.535615] Freeing unused kernel image memory: 2008K
[    1.537050] Freeing unused kernel image memory: 1868K
[    1.545561] x86/mm: Checked W+X mappings: passed, no W+X pages found.
[    1.546932] x86/mm: Checking user space page tables
[    1.556198] x86/mm: Checked W+X mappings: passed, no W+X pages found.
Loading, please wait...
starting version 237
[    1.634353] e1000: Intel(R) PRO/1000 Network Driver - version 7.3.21-k8-NAPI
[    1.636083] e1000: Copyright (c) 1999-2006 Intel Corporation.
[    1.639481] Fusion MPT base driver 3.04.20
[    1.640460] Copyright (c) 1999-2008 LSI Corporation
[    1.662748] AVX2 version of gcm_enc/dec engaged.
[    1.663829] AES CTR mode by8 optimization enabled
[    1.683076] Fusion MPT SPI Host driver 3.04.20
[    1.849766] input: ImExPS/2 Generic Explorer Mouse as /devices/platform/i8042/serio1/input/input4
[    2.070395] e1000 0000:00:03.0 eth0: (PCI:33MHz:32-bit) 02:1d:a1:81:8c:fd
[    2.071811] e1000 0000:00:03.0 eth0: Intel(R) PRO/1000 Network Connection
[    2.075139] mptbase: ioc0: Initiating bringup
[    2.075770] e1000 0000:00:03.0 enp0s3: renamed from eth0
[    2.180841] ioc0: LSI53C1030 A0: Capabilities={Initiator}
[    2.422870] scsi host2: ioc0: LSI53C1030 A0, FwRev=00000000h, Ports=1, MaxQ=256, IRQ=20
[    2.593221] scsi 2:0:0:0: Direct-Access     VBOX     HARDDISK         1.0  PQ: 0 ANSI: 5
[    2.624362] scsi target2:0:0: Beginning Domain Validation
[    2.627889] scsi target2:0:0: Domain Validation skipping write tests
[    2.629201] scsi target2:0:0: Ending Domain Validation
[    2.630533] scsi target2:0:0: asynchronous
[    2.632000] scsi 2:0:1:0: Direct-Access     VBOX     HARDDISK         1.0  PQ: 0 ANSI: 5
[    2.664348] scsi target2:0:1: Beginning Domain Validation
[    2.667131] random: fast init done
[    2.668657] scsi target2:0:1: Domain Validation skipping write tests
[    2.669945] scsi target2:0:1: Ending Domain Validation
[    2.671118] scsi target2:0:1: asynchronous
[    2.676781] random: systemd-udevd: uninitialized urandom read (16 bytes read)
[    2.678224] random: systemd-udevd: uninitialized urandom read (16 bytes read)
[    2.679635] random: systemd-udevd: uninitialized urandom read (16 bytes read)
[    2.681509] sd 2:0:0:0: [sda] 83886080 512-byte logical blocks: (42.9 GB/40.0 GiB)
[    2.683601] sd 2:0:0:0: Attached scsi generic sg0 type 0
[    2.685488] sd 2:0:0:0: [sda] Write Protect is off
[    2.687182] sd 2:0:0:0: [sda] Incomplete mode parameter data
[    2.689117] sd 2:0:0:0: [sda] Assuming drive cache: write through
[    2.692779] sd 2:0:1:0: [sdb] 20480 512-byte logical blocks: (10.5 MB/10.0 MiB)
[    2.695240] sd 2:0:1:0: [sdb] Write Protect is off
[    2.696392] sd 2:0:1:0: Attached scsi generic sg1 type 0
[    2.697519] sd 2:0:1:0: [sdb] Incomplete mode parameter data
[    2.699980] sd 2:0:1:0: [sdb] Assuming drive cache: write through
[    2.705364]  sda: sda1
[    2.707863] sd 2:0:0:0: [sda] Attached SCSI disk
[    2.709920] sd 2:0:1:0: [sdb] Attached SCSI disk
Begin: Loading essential drivers ... [    4.332464] raid6: sse2x1   gen() 10526 MB/s
[    4.380258] raid6: sse2x1   xor()  7259 MB/s
[    4.428084] raid6: sse2x2   gen() 13039 MB/s
[    4.476353] raid6: sse2x2   xor()  8877 MB/s
[    4.524221] raid6: sse2x4   gen() 13596 MB/s
[    4.572267] raid6: sse2x4   xor()  8939 MB/s
[    4.620085] raid6: avx2x1   gen() 19727 MB/s
[    4.668376] raid6: avx2x1   xor() 13074 MB/s
[    4.716211] raid6: avx2x2   gen() 25556 MB/s
[    4.764542] raid6: avx2x2   xor() 15336 MB/s
[    4.812324] raid6: avx2x4   gen() 29734 MB/s
[    4.860161] raid6: avx2x4   xor() 17971 MB/s
[    4.861194] raid6: using algorithm avx2x4 gen() 29734 MB/s
[    4.862744] raid6: .... xor() 17971 MB/s, rmw enabled
[    4.863874] raid6: using avx2x2 recovery algorithm
[    4.866400] xor: automatically using best checksumming function   avx       
[    4.870314] async_tx: api initialized (async)
done.
Begin: Running /scripts/init-premount ... done.
Begin: Mounting root file system ... Begin: Running /scripts/local-top ... done.
Begin: Running /scripts/local-premount ... [    4.922718] Btrfs loaded, crc32c=crc32c-intel
Scanning for Btrfs filesystems
done.
Warning: fsck not present, so skipping root file system
[    4.967204] EXT4-fs (sda1): INFO: recovery required on readonly filesystem
[    4.969393] EXT4-fs (sda1): write access will be enabled during recovery
[    5.377152] EXT4-fs (sda1): recovery complete
[    5.378485] EXT4-fs (sda1): mounted filesystem with ordered data mode. Opts: (null)
done.
Begin: Running /scripts/local-bottom ... done.
Begin: Running /scripts/init-bottom ... done.
[    5.783251] ip_tables: (C) 2000-2006 Netfilter Core Team
[    5.795867] systemd[1]: systemd 237 running in system mode. (+PAM +AUDIT +SELINUX +IMA +APPARMOR +SMACK +SYSVINIT +UTMP +LIBCRYPTSETUP +GCRYPT +GNUTLS +ACL +XZ +LZ4 +SECCOMP +BLKID +ELFUTILS +KMOD -IDN2 +IDN -PCRE2 default-hierarchy=hybrid)
[    5.801052] systemd[1]: Detected virtualization oracle.
[    5.802965] systemd[1]: Detected architecture x86-64.

Welcome to [1mUbuntu 18.04.5 LTS[0m!

[    5.810466] systemd[1]: Set hostname to <ubuntu-bionic>.
[    6.281810] systemd[1]: Reached target Swap.
[[0;32m  OK  [0m] Reached target Swap.
[    6.284535] systemd[1]: Set up automount Arbitrary Executable File Formats File System Automount Point.
[[0;32m  OK  [0m] Set up automount Arbitrary Executab…rmats File System Automount Point.
[    6.287445] systemd[1]: Reached target System Time Synchronized.
[[0;32m  OK  [0m] Reached target System Time Synchronized.
[    6.290097] systemd[1]: Started Forward Password Requests to Wall Directory Watch.
[[0;32m  OK  [0m] Started Forward Password Requests to Wall Directory Watch.
[    6.292333] systemd[1]: Reached target User and Group Name Lookups.
[[0;32m  OK  [0m] Reached target User and Group Name Lookups.
[    6.295831] systemd[1]: Created slice System Slice.
[[0;32m  OK  [0m] Created slice System Slice.
[[0;32m  OK  [0m] Listening on Journal Socket.
[[0;32m  OK  [0m] Listening on Device-mapper event daemon FIFOs.
         Starting Set the console keyboard layout...
         Starting Create list of required st…ce nodes for the current kernel...
         Starting Uncomplicated firewall...
         Mounting POSIX Message Queue File System...
[[0;32m  OK  [0m] Listening on udev Kernel Socket.
[[0;32m  OK  [0m] Listening on LVM2 metadata daemon socket.
         Starting Monitoring of LVM2 mirrors…ng dmeventd or progress polling...
[[0;32m  OK  [0m] Listening on LVM2 poll daemon socket.
[[0;32m  OK  [0m] Listening on udev Control Socket.
         Starting udev Coldplug all Devices...
[[0;32m  OK  [0m] Listening on Journal Socket (/dev/log).
[[0;32m  OK  [0m] Listening on Syslog Socket.
[[0;32m  OK  [0m] Created slice User and Session Slice.
[[0;32m  OK  [0m] Reached target Slices.
         Starting Remount Root and Kernel File Systems...
         Starting Load Kernel Modules...
         Mounting Kernel Debug File System...
[[0;32m  OK  [0m] Listening on Network Service Netlink Socket.
[[0;32m  OK  [0m] Created slice system-serial\x2dgetty.slice.
         Mounting Huge Pages File System...
[[0;32m  OK  [0m] Listening on /dev/initctl Compatibility Named Pipe.
[[0;32m  OK  [0m] Listening on Journal Audit Socket.
         Starting Journal Service...
[[0;32m  OK  [0m] Started Create list of required sta…vice nodes for the current kernel.
[    6.440685] Loading iSCSI transport class v2.0-870.
[    6.449042] iscsi: registered transport (tcp)
[[0;32m  OK  [0m] Started Uncomplicated firewall.
[    6.464851] EXT4-fs (sda1): re-mounted. Opts: (null)
[[0;32m  OK  [0m] Mounted POSIX Message Queue File System.
[[0;32m  OK  [0m] Started Remount Root and Kernel File Systems.
[[0;32m  OK  [0m] Mounted Kernel Debug File System.
[[0;32m  OK  [0m] Mounted Huge Pages File System.
[[0;32m  OK  [0m] Started LVM2 metadata daemon.
         Starting Load/Save Random Seed...
[    6.520722] iscsi: registered transport (iser)
         Starting Create Static Device Nodes in /dev...
[    6.544487] random: crng init done
[    6.545326] random: 7 urandom warning(s) missed due to ratelimiting
[[0;32m  OK  [0m] Started Load Kernel Modules.
[[0;32m  OK  [0m] Started Load/Save Random Seed.
         Mounting Kernel Configuration File System...
         Mounting FUSE Control File System...
         Starting Apply Kernel Variables...
[[0;32m  OK  [0m] Mounted FUSE Control File System.
[[0;32m  OK  [0m] Started Monitoring of LVM2 mirrors,…sing dmeventd or progress polling.
[[0;32m  OK  [0m] Mounted Kernel Configuration File System.
[[0;32m  OK  [0m] Started udev Coldplug all Devices.
[[0;32m  OK  [0m] Started Journal Service.
         Starting Flush Journal to Persistent Storage...
[[0;32m  OK  [0m] Started Set the console keyboard layout.
[[0;32m  OK  [0m] Started Apply Kernel Variables.
[[0;32m  OK  [0m] Started Create Static Device Nodes in /dev.
         Starting udev Kernel Device Manager...
[[0;32m  OK  [0m] Reached target Local File Systems (Pre).
[[0;32m  OK  [0m] Reached target Local File Systems.
         Starting Set console font and keymap...
         Starting ebtables ruleset management...
         Starting AppArmor initialization...
         Starting Tell Plymouth To Write Out Runtime Data...
         Mounting /vagrant...
[[0;32m  OK  [0m] Started Set console font and keymap.
[[0;32m  OK  [0m] Started Tell Plymouth To Write Out Runtime Data.
[[0;32m  OK  [0m] Mounted /vagrant.
[[0;32m  OK  [0m] Started udev Kernel Device Manager.
[[0;32m  OK  [0m] Started Dispatch Password Requests to Console Directory Watch.
[[0;32m  OK  [0m] Reached target Local Encrypted Volumes.
[[0;32m  OK  [0m] Started Flush Journal to Persistent Storage.
         Starting Create Volatile Files and Directories...
[[0;32m  OK  [0m] Started Create Volatile Files and Directories.
         Starting Update UTMP about System Boot/Shutdown...
[[0;32m  OK  [0m] Started Update UTMP about System Boot/Shutdown.
[[0;32m  OK  [0m] Started ebtables ruleset management.
[[0;32m  OK  [0m] Started AppArmor initialization.
[[0;32m  OK  [0m] Found device /dev/ttyS0.
         Starting Load AppArmor profiles managed internally by snapd...
         Starting Initial cloud-init job (pre-networking)...
[[0;32m  OK  [0m] Started Load AppArmor profiles managed internally by snapd.
[[0;32m  OK  [0m] Listening on Load/Save RF Kill Switch Status /dev/rfkill Watch.
[    9.245970] cloud-init[534]: Cloud-init v. 20.4.1-0ubuntu1~18.04.1 running 'init-local' at Mon, 25 Jan 2021 06:35:02 +0000. Up 8.96 seconds.
[[0;32m  OK  [0m] Started Initial cloud-init job (pre-networking).
[[0;32m  OK  [0m] Reached target Network (Pre).
         Starting Network Service...
[[0;32m  OK  [0m] Started Network Service.
         Starting Network Name Resolution...
         Starting Wait for Network to be Configured...
[[0;32m  OK  [0m] Started Network Name Resolution.
[[0;32m  OK  [0m] Reached target Host and Network Name Lookups.
[[0;32m  OK  [0m] Reached target Network.
[[0;32m  OK  [0m] Started Wait for Network to be Configured.
         Starting Initial cloud-init job (metadata service crawler)...
[   11.303361] cloud-init[690]: Cloud-init v. 20.4.1-0ubuntu1~18.04.1 running 'init' at Mon, 25 Jan 2021 06:35:04 +0000. Up 11.07 seconds.
[   11.304587] cloud-init[690]: ci-info: ++++++++++++++++++++++++++++++++++++++Net device info++++++++++++++++++++++++++++++++++++++
[   11.306233] cloud-init[690]: ci-info: +--------+------+----------------------------+---------------+--------+-------------------+
[   11.307720] cloud-init[690]: ci-info: | Device |  Up  |          Address           |      Mask     | Scope  |     Hw-Address    |
[   11.309193] cloud-init[690]: ci-info: +--------+------+----------------------------+---------------+--------+-------------------+
[   11.310727] cloud-init[690]: ci-info: | enp0s3 | True |         10.0.2.15          | 255.255.255.0 | global | 02:1d:a1:81:8c:fd |
[   11.312305] cloud-init[690]: ci-info: | enp0s3 | True | fe80::1d:a1ff:fe81:8cfd/64 |       .       |  link  | 02:1d:a1:81:8c:fd |
[   11.313863] cloud-init[690]: ci-info: |   lo   | True |         127.0.0.1          |   255.0.0.0   |  host  |         .         |
[   11.315523] cloud-init[690]: ci-info: |   lo   | True |          ::1/128           |       .       |  host  |         .         |
[   11.317456] cloud-init[690]: ci-info: +--------+------+----------------------------+---------------+--------+-------------------+
[   11.319132] cloud-init[690]: ci-info: ++++++++++++++++++++++++++++Route IPv4 info+++++++++++++++++++++++++++++
[   11.320249] cloud-init[690]: ci-info: +-------+-------------+----------+-----------------+-----------+-------+
[   11.332583] cloud-init[690]: ci-info: | Route | Destination | Gateway  |     Genmask     | Interface | Flags |
[   11.344515] cloud-init[690]: ci-info: +-------+-------------+----------+-----------------+-----------+-------+
[   11.356274] cloud-init[690]: ci-info: |   0   |   0.0.0.0   | 10.0.2.2 |     0.0.0.0     |   enp0s3  |   UG  |
[   11.368499] cloud-init[690]: ci-info: |   1   |   10.0.2.0  | 0.0.0.0  |  255.255.255.0  |   enp0s3  |   U   |
[   11.370535] cloud-init[690]: ci-info: |   2   |   10.0.2.2  | 0.0.0.0  | 255.255.255.255 |   enp0s3  |   UH  |
[   11.371837] cloud-init[690]: ci-info: +-------+-------------+----------+-----------------+-----------+-------+
[   11.373000] cloud-init[690]: ci-info: +++++++++++++++++++Route IPv6 info+++++++++++++++++++
[   11.373650] cloud-init[690]: ci-info: +-------+-------------+---------+-----------+-------+
[   11.374350] cloud-init[690]: ci-info: | Route | Destination | Gateway | Interface | Flags |
[   11.384622] cloud-init[690]: ci-info: +-------+-------------+---------+-----------+-------+
[   11.385827] cloud-init[690]: ci-info: |   1   |  fe80::/64  |    ::   |   enp0s3  |   U   |
[   11.387402] cloud-init[690]: ci-info: |   3   |    local    |    ::   |   enp0s3  |   U   |
[   11.388457] cloud-init[690]: ci-info: |   4   |   ff00::/8  |    ::   |   enp0s3  |   U   |
[   11.400344] cloud-init[690]: ci-info: +-------+-------------+---------+-----------+-------+
[[0;32m  OK  [0m] Started Initial cloud-init job (metadata service crawler).
[[0;32m  OK  [0m] Reached target Network is Online.
         Starting Availability of block devices...
[[0;32m  OK  [0m] Reached target Remote File Systems (Pre).
[[0;32m  OK  [0m] Reached target Remote File Systems.
[[0;32m  OK  [0m] Reached target System Initialization.
[[0;32m  OK  [0m] Listening on D-Bus System Message Bus Socket.
[[0;32m  OK  [0m] Started Daily apt upgrade and clean activities.
[[0;32m  OK  [0m] Started ACPI Events Check.
[[0;32m  OK  [0m] Started Daily Cleanup of Temporary Directories.
[[0;32m  OK  [0m] Reached target Paths.
         Starting Socket activation for snappy daemon.
[[0;32m  OK  [0m] Listening on UUID daemon activation socket.
[[0;32m  OK  [0m] Listening on ACPID Listen Socket.
[[0;32m  OK  [0m] Listening on Open-iSCSI iscsid Socket.
[[0;32m  OK  [0m] Started Discard unused blocks once a week.
[[0;32m  OK  [0m] Started Message of the Day.
[[0;32m  OK  [0m] Reached target Timers.
         Starting LXD - unix socket.
[[0;32m  OK  [0m] Reached target Cloud-config availability.
[[0;32m  OK  [0m] Started Availability of block devices.
[[0;32m  OK  [0m] Listening on Socket activation for snappy daemon.
[[0;32m  OK  [0m] Listening on LXD - unix socket.
[[0;32m  OK  [0m] Reached target Sockets.
[[0;32m  OK  [0m] Reached target Basic System.
         Starting Accounts Service...
         Starting System Logging Service...
         Starting Permit User Sessions...
         Starting Virtualbox guest utils...
         Starting LSB: Record successful boot for GRUB...
         Starting Dispatcher daemon for systemd-networkd...
         Starting Login Service...
[[0;32m  OK  [0m] Started Regular background program processing daemon.
         Starting Daily apt upgrade and clean activities...
[[0;32m  OK  [0m] Started FUSE filesystem for LXC.
         Starting Discard unused blocks...
         Starting LXD - container startup/shutdown...
         Starting OpenBSD Secure Shell server...
         Starting LSB: automatic crash report generation...
[[0;32m  OK  [0m] Started D-Bus System Message Bus.
[[0;32m  OK  [0m] Started Login Service.
[[0;32m  OK  [0m] Started Unattended Upgrades Shutdown.
[[0;32m  OK  [0m] Started Deferred execution scheduler.
[[0;32m  OK  [0m] Started irqbalance daemon.
         Starting Snap Daemon...
[[0;32m  OK  [0m] Started System Logging Service.
[[0;32m  OK  [0m] Started Dispatcher daemon for systemd-networkd.
[[0;32m  OK  [0m] Started Permit User Sessions.
[[0;32m  OK  [0m] Started Discard unused blocks.
[[0;32m  OK  [0m] Started OpenBSD Secure Shell server.
         Starting Authorization Manager...
         Starting Terminate Plymouth Boot Screen...
         Starting Hold until boot process finishes up...
[[0;32m  OK  [0m] Started Terminate Plymouth Boot Screen.
[[0;32m  OK  [0m] Started Hold until boot process finishes up.
[[0;32m  OK  [0m] Started Serial Getty on ttyS0.
         Starting Set console scheme...
[[0;32m  OK  [0m] Started Set console scheme.
[[0;32m  OK  [0m] Created slice system-getty.slice.
[[0;32m  OK  [0m] Started Getty on tty1.
[[0;32m  OK  [0m] Reached target Login Prompts.
[[0;32m  OK  [0m] Started LSB: automatic crash report generation.
[[0;32m  OK  [0m] Started Virtualbox guest utils.
[[0;32m  OK  [0m] Started Authorization Manager.
[[0;32m  OK  [0m] Started LSB: Record successful boot for GRUB.
[[0;32m  OK  [0m] Started Accounts Service.
[[0;32m  OK  [0m] Started LXD - container startup/shutdown.
[[0;32m  OK  [0m] Created slice User Slice of vagrant.
         Starting User Manager for UID 1000...
[[0;32m  OK  [0m] Started Session 1 of user vagrant.
[[0;32m  OK  [0m] Started User Manager for UID 1000.
[[0;32m  OK  [0m] Started Snap Daemon.
         Starting Wait until snapd is fully seeded...
[[0;32m  OK  [0m] Started Wait until snapd is fully seeded.
         Starting Apply the settings specified in cloud-config...
[[0;32m  OK  [0m] Reached target Multi-User System.
[[0;32m  OK  [0m] Reached target Graphical Interface.
         Starting Update UTMP about System Runlevel Changes...
[[0;32m  OK  [0m] Started Update UTMP about System Runlevel Changes.
[   14.939199] cloud-init[1271]: Cloud-init v. 20.4.1-0ubuntu1~18.04.1 running 'modules:config' at Mon, 25 Jan 2021 06:35:08 +0000. Up 14.77 seconds.
[[0;32m  OK  [0m] Started Apply the settings specified in cloud-config.
         Starting Execute cloud user/final scripts...
[   15.938038] cloud-init[1364]: Cloud-init v. 20.4.1-0ubuntu1~18.04.1 running 'modules:final' at Mon, 25 Jan 2021 06:35:09 +0000. Up 15.75 seconds.
[   15.948446] cloud-init[1364]: Cloud-init v. 20.4.1-0ubuntu1~18.04.1 finished at Mon, 25 Jan 2021 06:35:09 +0000. Datasource DataSourceNoCloud [seed=/dev/sdb][dsmode=net].  Up 15.92 seconds
[[0;32m  OK  [0m] Started Execute cloud user/final scripts.
[[0;32m  OK  [0m] Reached target Cloud-init target.

Ubuntu 18.04.5 LTS ubuntu-bionic ttyS0

ubuntu-bionic login: 